<?xml version="1.0" encoding="UTF-8"?>
<!-- Generated by org.testng.reporters.JUnitXMLReporter -->
<testsuite ignored="0" hostname="MacPro-Abdi" failures="0" tests="4" name="Test" time="69.234" errors="0" timestamp="2022-10-02T20:38:25 CEST">
  <testcase classname="demo.Google" name="openGoogle" time="15.474"/>
  <testcase classname="demo.Yahoo" name="openGoogle" time="9.067"/>
  <testcase classname="demo.Facebook" name="openGoogle" time="14.143"/>
  <testcase classname="demo.Msn" name="openGoogle" time="30.453"/>
</testsuite> <!-- Test -->
