<?xml version="1.0" encoding="UTF-8"?>
<!-- Generated by org.testng.reporters.JUnitXMLReporter -->
<testsuite ignored="0" hostname="MacPro-Abdi" failures="0" tests="4" name="Test" time="65.031" errors="0" timestamp="2022-10-06T17:00:32 CEST">
  <testcase classname="demo.Google" name="openGoogle" time="18.205"/>
  <testcase classname="demo.Yahoo" name="openGoogle" time="9.698"/>
  <testcase classname="demo.Facebook" name="openGoogle" time="14.773"/>
  <testcase classname="demo.Msn" name="openGoogle" time="22.296"/>
</testsuite> <!-- Test -->
