<?xml version="1.0" encoding="UTF-8"?>
<!-- Generated by org.testng.reporters.JUnitXMLReporter -->
<testsuite ignored="0" hostname="MacPro-Abdi" failures="0" tests="4" name="Test" time="29.608" errors="0" timestamp="2022-10-02T21:03:13 CEST">
  <testcase classname="demo.Google" name="openGoogle" time="8.23"/>
  <testcase classname="demo.Yahoo" name="openGoogle" time="6.995"/>
  <testcase classname="demo.Facebook" name="openGoogle" time="6.912"/>
  <testcase classname="demo.Msn" name="openGoogle" time="7.451"/>
</testsuite> <!-- Test -->
