<?xml version="1.0" encoding="UTF-8"?>
<testng-results ignored="0" total="4" passed="4" failed="0" skipped="0">
  <reporter-output>
  </reporter-output>
  <suite started-at="2022-10-02T21:02:44 CEST" name="Suite" finished-at="2022-10-02T21:03:13 CEST" duration-ms="29608">
    <groups>
    </groups>
    <test started-at="2022-10-02T21:02:44 CEST" name="Test" finished-at="2022-10-02T21:03:13 CEST" duration-ms="29608">
      <class name="demo.Msn">
        <test-method signature="openGoogle()[pri:0, instance:demo.Msn@77e9807f]" started-at="2022-10-02T21:03:06 CEST" name="openGoogle" finished-at="2022-10-02T21:03:13 CEST" duration-ms="7451" status="PASS">
          <reporter-output>
          </reporter-output>
        </test-method> <!-- openGoogle -->
      </class> <!-- demo.Msn -->
      <class name="demo.Yahoo">
        <test-method signature="openGoogle()[pri:0, instance:demo.Yahoo@4d826d77]" started-at="2022-10-02T21:02:52 CEST" name="openGoogle" finished-at="2022-10-02T21:02:59 CEST" duration-ms="6995" status="PASS">
          <reporter-output>
          </reporter-output>
        </test-method> <!-- openGoogle -->
      </class> <!-- demo.Yahoo -->
      <class name="demo.Facebook">
        <test-method signature="openGoogle()[pri:0, instance:demo.Facebook@61009542]" started-at="2022-10-02T21:02:59 CEST" name="openGoogle" finished-at="2022-10-02T21:03:06 CEST" duration-ms="6912" status="PASS">
          <reporter-output>
          </reporter-output>
        </test-method> <!-- openGoogle -->
      </class> <!-- demo.Facebook -->
      <class name="demo.Google">
        <test-method signature="openGoogle()[pri:0, instance:demo.Google@1a052a00]" started-at="2022-10-02T21:02:44 CEST" name="openGoogle" finished-at="2022-10-02T21:02:52 CEST" duration-ms="8230" status="PASS">
          <reporter-output>
          </reporter-output>
        </test-method> <!-- openGoogle -->
      </class> <!-- demo.Google -->
    </test> <!-- Test -->
  </suite> <!-- Suite -->
</testng-results>
