<?xml version="1.0" encoding="UTF-8"?>
<testsuite xmlns:xsi="http://www.w3.org/2001/XMLSchema-instance" xsi:noNamespaceSchemaLocation="https://maven.apache.org/surefire/maven-surefire-plugin/xsd/surefire-test-report-3.0.xsd" version="3.0" name="TestSuite" time="29.831" tests="4" errors="0" skipped="0" failures="0">
  <properties>
[...]
</properties>
  <testcase name="openGoogle" classname="demo.Google" time="8.23">
    <system-err><![CDATA[SLF4J: Failed to load class "org.slf4j.impl.StaticLoggerBinder".
SLF4J: Defaulting to no-operation (NOP) logger implementation
SLF4J: See http://www.slf4j.org/codes.html#StaticLoggerBinder for further details.
Starting ChromeDriver 105.0.5195.52 (412c95e518836d8a7d97250d62b29c2ae6a26a85-refs/branch-heads/5195@{#853}) on port 55728
Only local connections are allowed.
Please see https://chromedriver.chromium.org/security-considerations for suggestions on keeping ChromeDriver safe.
ChromeDriver was started successfully.
oct. 02, 2022 9:02:46 PM org.openqa.selenium.remote.ProtocolHandshake createSession
INFOS: Detected dialect: W3C
oct. 02, 2022 9:02:46 PM org.openqa.selenium.devtools.CdpVersionFinder findNearestMatch
AVERTISSEMENT: Unable to find an exact match for CDP version 105, so returning the closest version found: 101
oct. 02, 2022 9:02:46 PM org.openqa.selenium.devtools.CdpVersionFinder findNearestMatch
INFOS: Found CDP implementation for version 105 of 101
]]></system-err>
  </testcase>
  <testcase name="openGoogle" classname="demo.Yahoo" time="6.995">
    <system-err><![CDATA[Starting ChromeDriver 105.0.5195.52 (412c95e518836d8a7d97250d62b29c2ae6a26a85-refs/branch-heads/5195@{#853}) on port 55671
Only local connections are allowed.
Please see https://chromedriver.chromium.org/security-considerations for suggestions on keeping ChromeDriver safe.
ChromeDriver was started successfully.
oct. 02, 2022 9:02:53 PM org.openqa.selenium.remote.ProtocolHandshake createSession
INFOS: Detected dialect: W3C
oct. 02, 2022 9:02:53 PM org.openqa.selenium.devtools.CdpVersionFinder findNearestMatch
AVERTISSEMENT: Unable to find an exact match for CDP version 105, so returning the closest version found: 101
oct. 02, 2022 9:02:53 PM org.openqa.selenium.devtools.CdpVersionFinder findNearestMatch
INFOS: Found CDP implementation for version 105 of 101
]]></system-err>
  </testcase>
  <testcase name="openGoogle" classname="demo.Facebook" time="6.912">
    <system-err><![CDATA[Starting ChromeDriver 105.0.5195.52 (412c95e518836d8a7d97250d62b29c2ae6a26a85-refs/branch-heads/5195@{#853}) on port 58936
Only local connections are allowed.
Please see https://chromedriver.chromium.org/security-considerations for suggestions on keeping ChromeDriver safe.
ChromeDriver was started successfully.
oct. 02, 2022 9:03:00 PM org.openqa.selenium.remote.ProtocolHandshake createSession
INFOS: Detected dialect: W3C
oct. 02, 2022 9:03:00 PM org.openqa.selenium.devtools.CdpVersionFinder findNearestMatch
AVERTISSEMENT: Unable to find an exact match for CDP version 105, so returning the closest version found: 101
oct. 02, 2022 9:03:00 PM org.openqa.selenium.devtools.CdpVersionFinder findNearestMatch
INFOS: Found CDP implementation for version 105 of 101
]]></system-err>
  </testcase>
  <testcase name="openGoogle" classname="demo.Msn" time="7.453">
    <system-err><![CDATA[Starting ChromeDriver 105.0.5195.52 (412c95e518836d8a7d97250d62b29c2ae6a26a85-refs/branch-heads/5195@{#853}) on port 60608
Only local connections are allowed.
Please see https://chromedriver.chromium.org/security-considerations for suggestions on keeping ChromeDriver safe.
ChromeDriver was started successfully.
oct. 02, 2022 9:03:07 PM org.openqa.selenium.remote.ProtocolHandshake createSession
INFOS: Detected dialect: W3C
oct. 02, 2022 9:03:07 PM org.openqa.selenium.devtools.CdpVersionFinder findNearestMatch
AVERTISSEMENT: Unable to find an exact match for CDP version 105, so returning the closest version found: 101
oct. 02, 2022 9:03:07 PM org.openqa.selenium.devtools.CdpVersionFinder findNearestMatch
INFOS: Found CDP implementation for version 105 of 101
]]></system-err>
  </testcase>
</testsuite>