<?xml version="1.0" encoding="UTF-8"?>
<testng-results ignored="0" total="4" passed="4" failed="0" skipped="0">
  <reporter-output>
  </reporter-output>
  <suite started-at="2022-10-06T16:59:27 CEST" name="Suite" finished-at="2022-10-06T17:00:32 CEST" duration-ms="65031">
    <groups>
    </groups>
    <test started-at="2022-10-06T16:59:27 CEST" name="Test" finished-at="2022-10-06T17:00:32 CEST" duration-ms="65031">
      <class name="demo.Msn">
        <test-method signature="openGoogle()[pri:0, instance:demo.Msn@4f9a3314]" started-at="2022-10-06T17:00:10 CEST" name="openGoogle" finished-at="2022-10-06T17:00:32 CEST" duration-ms="22296" status="PASS">
          <reporter-output>
          </reporter-output>
        </test-method> <!-- openGoogle -->
      </class> <!-- demo.Msn -->
      <class name="demo.Yahoo">
        <test-method signature="openGoogle()[pri:0, instance:demo.Yahoo@64d2d351]" started-at="2022-10-06T16:59:45 CEST" name="openGoogle" finished-at="2022-10-06T16:59:55 CEST" duration-ms="9698" status="PASS">
          <reporter-output>
          </reporter-output>
        </test-method> <!-- openGoogle -->
      </class> <!-- demo.Yahoo -->
      <class name="demo.Facebook">
        <test-method signature="openGoogle()[pri:0, instance:demo.Facebook@1b68b9a4]" started-at="2022-10-06T16:59:55 CEST" name="openGoogle" finished-at="2022-10-06T17:00:10 CEST" duration-ms="14773" status="PASS">
          <reporter-output>
          </reporter-output>
        </test-method> <!-- openGoogle -->
      </class> <!-- demo.Facebook -->
      <class name="demo.Google">
        <test-method signature="openGoogle()[pri:0, instance:demo.Google@6b53e23f]" started-at="2022-10-06T16:59:27 CEST" name="openGoogle" finished-at="2022-10-06T16:59:45 CEST" duration-ms="18205" status="PASS">
          <reporter-output>
          </reporter-output>
        </test-method> <!-- openGoogle -->
      </class> <!-- demo.Google -->
    </test> <!-- Test -->
  </suite> <!-- Suite -->
</testng-results>
