<?xml version="1.0" encoding="UTF-8"?>
<testng-results ignored="0" total="4" passed="4" failed="0" skipped="0">
  <reporter-output>
  </reporter-output>
  <suite started-at="2022-10-02T20:37:16 CEST" name="Suite" finished-at="2022-10-02T20:38:25 CEST" duration-ms="69234">
    <groups>
    </groups>
    <test started-at="2022-10-02T20:37:16 CEST" name="Test" finished-at="2022-10-02T20:38:25 CEST" duration-ms="69234">
      <class name="demo.Msn">
        <test-method signature="openGoogle()[pri:0, instance:demo.Msn@2f112965]" started-at="2022-10-02T20:37:54 CEST" name="openGoogle" finished-at="2022-10-02T20:38:25 CEST" duration-ms="30453" status="PASS">
          <reporter-output>
          </reporter-output>
        </test-method> <!-- openGoogle -->
      </class> <!-- demo.Msn -->
      <class name="demo.Yahoo">
        <test-method signature="openGoogle()[pri:0, instance:demo.Yahoo@3c9d0b9d]" started-at="2022-10-02T20:37:31 CEST" name="openGoogle" finished-at="2022-10-02T20:37:40 CEST" duration-ms="9067" status="PASS">
          <reporter-output>
          </reporter-output>
        </test-method> <!-- openGoogle -->
      </class> <!-- demo.Yahoo -->
      <class name="demo.Facebook">
        <test-method signature="openGoogle()[pri:0, instance:demo.Facebook@43301423]" started-at="2022-10-02T20:37:40 CEST" name="openGoogle" finished-at="2022-10-02T20:37:54 CEST" duration-ms="14143" status="PASS">
          <reporter-output>
          </reporter-output>
        </test-method> <!-- openGoogle -->
      </class> <!-- demo.Facebook -->
      <class name="demo.Google">
        <test-method signature="openGoogle()[pri:0, instance:demo.Google@4445629]" started-at="2022-10-02T20:37:16 CEST" name="openGoogle" finished-at="2022-10-02T20:37:31 CEST" duration-ms="15474" status="PASS">
          <reporter-output>
          </reporter-output>
        </test-method> <!-- openGoogle -->
      </class> <!-- demo.Google -->
    </test> <!-- Test -->
  </suite> <!-- Suite -->
</testng-results>
